0 info it worked if it ends with ok
1 verbose cli [ 'node', '/usr/local/bin/npm', 'info' ]
2 info using npm@2.8.3
3 info using node@v0.10.38
4 verbose node symlink /usr/local/bin/node
5 silly mapToRegistry name pg-harness
6 silly mapToRegistry using default registry
7 silly mapToRegistry registry https://registry.npmjs.org/
8 silly mapToRegistry uri https://registry.npmjs.org/pg-harness
9 verbose request uri https://registry.npmjs.org/pg-harness
10 verbose request no auth needed
11 info attempt registry request try #1 at 21:39:03
12 verbose request id 25e8c530b06d4bcb
13 http request GET https://registry.npmjs.org/pg-harness
14 http 404 https://registry.npmjs.org/pg-harness
15 verbose headers { 'content-type': 'application/json',
15 verbose headers   'cache-control': 'max-age=0',
15 verbose headers   'content-length': '2',
15 verbose headers   'accept-ranges': 'bytes',
15 verbose headers   date: 'Fri, 11 Sep 2015 04:39:04 GMT',
15 verbose headers   via: '1.1 varnish',
15 verbose headers   age: '0',
15 verbose headers   connection: 'keep-alive',
15 verbose headers   'x-served-by': 'cache-sjc3125-SJC',
15 verbose headers   'x-cache': 'MISS',
15 verbose headers   'x-cache-hits': '0',
15 verbose headers   'x-timer': 'S1441946344.130756,VS0,VE90' }
16 silly get cb [ 404,
16 silly get   { 'content-type': 'application/json',
16 silly get     'cache-control': 'max-age=0',
16 silly get     'content-length': '2',
16 silly get     'accept-ranges': 'bytes',
16 silly get     date: 'Fri, 11 Sep 2015 04:39:04 GMT',
16 silly get     via: '1.1 varnish',
16 silly get     age: '0',
16 silly get     connection: 'keep-alive',
16 silly get     'x-served-by': 'cache-sjc3125-SJC',
16 silly get     'x-cache': 'MISS',
16 silly get     'x-cache-hits': '0',
16 silly get     'x-timer': 'S1441946344.130756,VS0,VE90' } ]
17 verbose stack Error: Registry returned 404 for GET on https://registry.npmjs.org/pg-harness
17 verbose stack     at CachingRegistryClient.<anonymous> (/usr/local/lib/node_modules/npm/node_modules/npm-registry-client/lib/request.js:239:14)
17 verbose stack     at Request._callback (/usr/local/lib/node_modules/npm/node_modules/npm-registry-client/lib/request.js:170:14)
17 verbose stack     at Request.self.callback (/usr/local/lib/node_modules/npm/node_modules/request/request.js:368:22)
17 verbose stack     at Request.emit (events.js:98:17)
17 verbose stack     at Request.<anonymous> (/usr/local/lib/node_modules/npm/node_modules/request/request.js:1219:14)
17 verbose stack     at Request.emit (events.js:117:20)
17 verbose stack     at IncomingMessage.<anonymous> (/usr/local/lib/node_modules/npm/node_modules/request/request.js:1167:12)
17 verbose stack     at IncomingMessage.emit (events.js:117:20)
17 verbose stack     at _stream_readable.js:944:16
17 verbose stack     at process._tickCallback (node.js:448:13)
18 verbose statusCode 404
19 verbose pkgid pg-harness
20 verbose cwd /Volumes/HD2/Users/yc/code/pg-harness
21 error Darwin 14.5.0
22 error argv "node" "/usr/local/bin/npm" "info"
23 error node v0.10.38
24 error npm  v2.8.3
25 error code E404
26 error 404 Registry returned 404 for GET on https://registry.npmjs.org/pg-harness
26 error 404
26 error 404 'pg-harness' is not in the npm registry.
26 error 404 You should bug the author to publish it (or use the name yourself!)
26 error 404
26 error 404 Note that you can also install from a
26 error 404 tarball, folder, http url, or git url.
27 verbose exit [ 1, true ]
